<?xml version="1.0" encoding="UTF-8"?>
<testsuite xmlns:xsi="http://www.w3.org/2001/XMLSchema-instance" xsi:noNamespaceSchemaLocation="https://maven.apache.org/surefire/maven-surefire-plugin/xsd/surefire-test-report-3.0.xsd" version="3.0" name="MainTest" time="0.195" tests="1" errors="0" skipped="0" failures="0">
  <properties>
[...]
</properties>
  <testcase name="mainTest" classname="MainTest" time="0.002">
    <system-out><![CDATA[Traditional Bedouin Wedding Feast consists of stuffing of a rabbit inside of a duck, which is stuffed inside a chicken, which is stuffed inside a pig, which is stuffed inside a lamb, which is stuffed inside a goat, which is stuffed inside a horse, which is stuffed inside a camel, and cooked over a charcoal fire.
]]></system-out>
    <system-err><![CDATA[июн. 11, 2025 9:54:03 PM org.springframework.test.context.support.AbstractTestContextBootstrapper getDefaultTestExecutionListenerClassNames
INFO: Loaded default TestExecutionListener class names from location [META-INF/spring.factories]: [org.springframework.test.context.web.ServletTestExecutionListener, org.springframework.test.context.support.DirtiesContextBeforeModesTestExecutionListener, org.springframework.test.context.event.ApplicationEventsTestExecutionListener, org.springframework.test.context.support.DependencyInjectionTestExecutionListener, org.springframework.test.context.support.DirtiesContextTestExecutionListener, org.springframework.test.context.transaction.TransactionalTestExecutionListener, org.springframework.test.context.jdbc.SqlScriptsTestExecutionListener, org.springframework.test.context.event.EventPublishingTestExecutionListener]
июн. 11, 2025 9:54:03 PM org.springframework.test.context.support.AbstractTestContextBootstrapper getTestExecutionListeners
INFO: Using TestExecutionListeners: [org.springframework.test.context.support.DirtiesContextBeforeModesTestExecutionListener@4fe767f3, org.springframework.test.context.event.ApplicationEventsTestExecutionListener@2805c96b, org.springframework.test.context.support.DependencyInjectionTestExecutionListener@184cf7cf, org.springframework.test.context.support.DirtiesContextTestExecutionListener@2fd6b6c7, org.springframework.test.context.event.EventPublishingTestExecutionListener@5bfa9431]
]]></system-err>
  </testcase>
</testsuite>